<?xml version="1.0" encoding="UTF-8"?>
<!-- Generated by org.testng.reporters.JUnitXMLReporter -->
<testsuite ignored="0" hostname="DESKTOP-0AQAU4D" failures="0" tests="3" name="Test" time="12.331" errors="0" timestamp="2023-05-24T23:33:12 IST">
  <testcase classname="TestClass_Package.Post_tc_1" name="execute" time="8.531"/>
  <testcase classname="TestClass_Package.Post_tc_2" name="execute" time="1.813"/>
  <testcase classname="TestClass_Package.Post_tc_3" name="execute" time="1.696"/>
</testsuite> <!-- Test -->
