<?xml version="1.0" encoding="UTF-8"?>
<testng-results ignored="0" total="3" passed="3" failed="0" skipped="0">
  <reporter-output>
  </reporter-output>
  <suite started-at="2023-05-24T23:33:00 IST" name="Suite" finished-at="2023-05-24T23:33:12 IST" duration-ms="12331">
    <groups>
    </groups>
    <test started-at="2023-05-24T23:33:00 IST" name="Test" finished-at="2023-05-24T23:33:12 IST" duration-ms="12331">
      <class name="TestClass_Package.Post_tc_2">
        <test-method signature="execute()[pri:0, instance:TestClass_Package.Post_tc_2@3d246ea3]" started-at="2023-05-24T23:33:09 IST" name="execute" finished-at="2023-05-24T23:33:11 IST" duration-ms="1813" status="PASS">
          <reporter-output>
          </reporter-output>
        </test-method> <!-- execute -->
      </class> <!-- TestClass_Package.Post_tc_2 -->
      <class name="TestClass_Package.Post_tc_3">
        <test-method signature="execute()[pri:0, instance:TestClass_Package.Post_tc_3@341814d3]" started-at="2023-05-24T23:33:11 IST" name="execute" finished-at="2023-05-24T23:33:12 IST" duration-ms="1696" status="PASS">
          <reporter-output>
          </reporter-output>
        </test-method> <!-- execute -->
      </class> <!-- TestClass_Package.Post_tc_3 -->
      <class name="TestClass_Package.Post_tc_1">
        <test-method signature="execute()[pri:0, instance:TestClass_Package.Post_tc_1@479ceda0]" started-at="2023-05-24T23:33:00 IST" name="execute" finished-at="2023-05-24T23:33:09 IST" duration-ms="8531" status="PASS">
          <reporter-output>
          </reporter-output>
        </test-method> <!-- execute -->
      </class> <!-- TestClass_Package.Post_tc_1 -->
    </test> <!-- Test -->
  </suite> <!-- Suite -->
</testng-results>
